{"contracts/AuctionFactory.sol":{"l":{"23":1,"24":1,"28":1,"32":3,"33":2,"38":7,"43":7,"44":7,"46":7,"47":7,"51":6,"61":2,"63":1,"64":1,"68":2,"70":1,"71":1,"72":1},"path":"/mnt/e/GitHub/go-rocket/basic2_nftAuction/contracts/AuctionFactory.sol","s":{"1":1,"2":3,"3":7,"4":7,"5":7,"6":6,"7":2,"8":1,"9":1,"10":2,"11":1,"12":1,"13":1},"b":{"1":[1,1],"2":[2,1],"3":[1,1],"4":[2,1],"5":[1,1],"6":[0,0]},"f":{"1":1,"2":1,"3":3,"4":7,"5":6,"6":2,"7":2,"8":0},"fnMap":{"1":{"name":"initialize","line":22,"loc":{"start":{"line":22,"column":4},"end":{"line":25,"column":4}}},"2":{"name":"version","line":27,"loc":{"start":{"line":27,"column":4},"end":{"line":29,"column":4}}},"3":{"name":"onlyAdmin","line":31,"loc":{"start":{"line":31,"column":4},"end":{"line":34,"column":4}}},"4":{"name":"createAuction","line":36,"loc":{"start":{"line":36,"column":4},"end":{"line":48,"column":4}}},"5":{"name":"getAuctionCount","line":50,"loc":{"start":{"line":50,"column":4},"end":{"line":52,"column":4}}},"6":{"name":"depositNft","line":54,"loc":{"start":{"line":54,"column":4},"end":{"line":65,"column":4}}},"7":{"name":"endAuction","line":67,"loc":{"start":{"line":67,"column":4},"end":{"line":73,"column":4}}},"8":{"name":"_authorizeUpgrade","line":75,"loc":{"start":{"line":75,"column":4},"end":{"line":75,"column":87}}}},"statementMap":{"1":{"start":{"line":28,"column":8},"end":{"line":28,"column":22}},"2":{"start":{"line":32,"column":8},"end":{"line":32,"column":86}},"3":{"start":{"line":38,"column":8},"end":{"line":38,"column":1234}},"4":{"start":{"line":44,"column":8},"end":{"line":44,"column":37}},"5":{"start":{"line":46,"column":8},"end":{"line":46,"column":60}},"6":{"start":{"line":51,"column":8},"end":{"line":51,"column":32}},"7":{"start":{"line":61,"column":8},"end":{"line":61,"column":69}},"8":{"start":{"line":63,"column":8},"end":{"line":63,"column":77}},"9":{"start":{"line":64,"column":8},"end":{"line":64,"column":80}},"10":{"start":{"line":68,"column":8},"end":{"line":68,"column":69}},"11":{"start":{"line":70,"column":8},"end":{"line":70,"column":77}},"12":{"start":{"line":71,"column":8},"end":{"line":71,"column":35}},"13":{"start":{"line":72,"column":8},"end":{"line":72,"column":63}}},"branchMap":{"1":{"line":22,"type":"if","locations":[{"start":{"line":22,"column":48},"end":{"line":22,"column":48}},{"start":{"line":22,"column":48},"end":{"line":22,"column":48}}]},"2":{"line":32,"type":"if","locations":[{"start":{"line":32,"column":8},"end":{"line":32,"column":8}},{"start":{"line":32,"column":8},"end":{"line":32,"column":8}}]},"3":{"line":61,"type":"if","locations":[{"start":{"line":61,"column":8},"end":{"line":61,"column":8}},{"start":{"line":61,"column":8},"end":{"line":61,"column":8}}]},"4":{"line":67,"type":"if","locations":[{"start":{"line":67,"column":53},"end":{"line":67,"column":53}},{"start":{"line":67,"column":53},"end":{"line":67,"column":53}}]},"5":{"line":68,"type":"if","locations":[{"start":{"line":68,"column":8},"end":{"line":68,"column":8}},{"start":{"line":68,"column":8},"end":{"line":68,"column":8}}]},"6":{"line":75,"type":"if","locations":[{"start":{"line":75,"column":76},"end":{"line":75,"column":76}},{"start":{"line":75,"column":76},"end":{"line":75,"column":76}}]}}},"contracts/AuctionFactoryV2.sol":{"l":{"8":0},"path":"/mnt/e/GitHub/go-rocket/basic2_nftAuction/contracts/AuctionFactoryV2.sol","s":{"1":0},"b":{},"f":{"1":0},"fnMap":{"1":{"name":"version","line":7,"loc":{"start":{"line":7,"column":4},"end":{"line":9,"column":4}}}},"statementMap":{"1":{"start":{"line":8,"column":8},"end":{"line":8,"column":22}}},"branchMap":{}},"contracts/NftAuction.sol":{"l":{"34":8,"35":8,"39":1,"55":16,"56":15,"57":14,"59":13,"60":13,"61":13,"62":13,"63":13,"64":13,"68":13,"72":30,"76":16,"77":16,"79":15,"86":15,"94":7,"95":6,"97":5,"99":3,"102":2,"105":5,"107":5,"108":5,"110":5,"115":3,"117":1,"118":1,"121":0,"125":3,"126":3,"127":3,"132":7,"136":6,"138":5,"141":5,"142":4,"143":2,"144":2,"145":1,"147":1,"150":2},"path":"/mnt/e/GitHub/go-rocket/basic2_nftAuction/contracts/NftAuction.sol","s":{"1":1,"2":16,"3":15,"4":14,"5":13,"6":16,"7":16,"8":15,"9":15,"10":7,"11":6,"12":5,"13":2,"14":5,"15":5,"16":5,"17":5,"18":3,"19":1,"20":1,"21":0,"22":7,"23":6,"24":5,"25":1,"26":4,"27":2,"28":2,"29":1,"30":1,"31":2},"b":{"1":[8,1],"2":[15,1],"3":[14,1],"4":[13,1],"5":[15,1],"6":[6,1],"7":[5,1],"8":[3,2],"9":[3,2],"10":[1,2],"11":[1,0],"12":[6,1],"13":[1,5],"14":[5,1],"15":[1,4],"16":[2,2],"17":[1,1]},"f":{"1":8,"2":1,"3":16,"4":30,"5":16,"6":7,"7":7},"fnMap":{"1":{"name":"initialize","line":33,"loc":{"start":{"line":33,"column":4},"end":{"line":36,"column":4}}},"2":{"name":"version","line":38,"loc":{"start":{"line":38,"column":4},"end":{"line":40,"column":4}}},"3":{"name":"depositNft","line":49,"loc":{"start":{"line":49,"column":4},"end":{"line":69,"column":4}}},"4":{"name":"setPriceFeed","line":71,"loc":{"start":{"line":71,"column":4},"end":{"line":73,"column":4}}},"5":{"name":"getChainLinkLatestPrice","line":75,"loc":{"start":{"line":75,"column":4},"end":{"line":87,"column":4}}},"6":{"name":"priceBid","line":90,"loc":{"start":{"line":90,"column":4},"end":{"line":129,"column":4}}},"7":{"name":"endAuction","line":131,"loc":{"start":{"line":131,"column":4},"end":{"line":153,"column":4}}}},"statementMap":{"1":{"start":{"line":39,"column":8},"end":{"line":39,"column":22}},"2":{"start":{"line":55,"column":8},"end":{"line":55,"column":66}},"3":{"start":{"line":56,"column":8},"end":{"line":56,"column":51}},"4":{"start":{"line":57,"column":8},"end":{"line":57,"column":69}},"5":{"start":{"line":68,"column":8},"end":{"line":68,"column":75}},"6":{"start":{"line":76,"column":8},"end":{"line":76,"column":67}},"7":{"start":{"line":77,"column":8},"end":{"line":77,"column":70}},"8":{"start":{"line":79,"column":8},"end":{"line":79,"column":2843}},"9":{"start":{"line":86,"column":8},"end":{"line":86,"column":20}},"10":{"start":{"line":94,"column":8},"end":{"line":94,"column":46}},"11":{"start":{"line":95,"column":8},"end":{"line":95,"column":85}},"12":{"start":{"line":97,"column":8},"end":{"line":97,"column":3364}},"13":{"start":{"line":102,"column":12},"end":{"line":102,"column":84}},"14":{"start":{"line":105,"column":8},"end":{"line":105,"column":83}},"15":{"start":{"line":107,"column":8},"end":{"line":107,"column":91}},"16":{"start":{"line":108,"column":8},"end":{"line":108,"column":93}},"17":{"start":{"line":110,"column":8},"end":{"line":110,"column":3910}},"18":{"start":{"line":115,"column":8},"end":{"line":115,"column":4058}},"19":{"start":{"line":117,"column":12},"end":{"line":117,"column":4161}},"20":{"start":{"line":118,"column":16},"end":{"line":118,"column":58}},"21":{"start":{"line":121,"column":16},"end":{"line":121,"column":75}},"22":{"start":{"line":132,"column":8},"end":{"line":132,"column":4754}},"23":{"start":{"line":136,"column":8},"end":{"line":136,"column":47}},"24":{"start":{"line":141,"column":8},"end":{"line":141,"column":30}},"25":{"start":{"line":141,"column":24},"end":{"line":141,"column":30}},"26":{"start":{"line":142,"column":8},"end":{"line":142,"column":5042}},"27":{"start":{"line":143,"column":12},"end":{"line":143,"column":86}},"28":{"start":{"line":144,"column":12},"end":{"line":144,"column":5184}},"29":{"start":{"line":145,"column":16},"end":{"line":145,"column":51}},"30":{"start":{"line":147,"column":16},"end":{"line":147,"column":68}},"31":{"start":{"line":150,"column":12},"end":{"line":150,"column":79}}},"branchMap":{"1":{"line":33,"type":"if","locations":[{"start":{"line":33,"column":48},"end":{"line":33,"column":48}},{"start":{"line":33,"column":48},"end":{"line":33,"column":48}}]},"2":{"line":55,"type":"if","locations":[{"start":{"line":55,"column":8},"end":{"line":55,"column":8}},{"start":{"line":55,"column":8},"end":{"line":55,"column":8}}]},"3":{"line":56,"type":"if","locations":[{"start":{"line":56,"column":8},"end":{"line":56,"column":8}},{"start":{"line":56,"column":8},"end":{"line":56,"column":8}}]},"4":{"line":57,"type":"if","locations":[{"start":{"line":57,"column":8},"end":{"line":57,"column":8}},{"start":{"line":57,"column":8},"end":{"line":57,"column":8}}]},"5":{"line":77,"type":"if","locations":[{"start":{"line":77,"column":8},"end":{"line":77,"column":8}},{"start":{"line":77,"column":8},"end":{"line":77,"column":8}}]},"6":{"line":94,"type":"if","locations":[{"start":{"line":94,"column":8},"end":{"line":94,"column":8}},{"start":{"line":94,"column":8},"end":{"line":94,"column":8}}]},"7":{"line":95,"type":"if","locations":[{"start":{"line":95,"column":8},"end":{"line":95,"column":8}},{"start":{"line":95,"column":8},"end":{"line":95,"column":8}}]},"8":{"line":97,"type":"if","locations":[{"start":{"line":97,"column":8},"end":{"line":97,"column":8}},{"start":{"line":97,"column":8},"end":{"line":97,"column":8}}]},"9":{"line":110,"type":"if","locations":[{"start":{"line":110,"column":8},"end":{"line":110,"column":8}},{"start":{"line":110,"column":8},"end":{"line":110,"column":8}}]},"10":{"line":115,"type":"if","locations":[{"start":{"line":115,"column":8},"end":{"line":115,"column":8}},{"start":{"line":115,"column":8},"end":{"line":115,"column":8}}]},"11":{"line":117,"type":"if","locations":[{"start":{"line":117,"column":12},"end":{"line":117,"column":12}},{"start":{"line":117,"column":12},"end":{"line":117,"column":12}}]},"12":{"line":132,"type":"if","locations":[{"start":{"line":132,"column":8},"end":{"line":132,"column":8}},{"start":{"line":132,"column":8},"end":{"line":132,"column":8}}]},"13":{"line":133,"type":"cond-expr","locations":[{"start":{"line":133,"column":12},"end":{"line":133,"column":31}},{"start":{"line":133,"column":36},"end":{"line":133,"column":54}}]},"14":{"line":136,"type":"if","locations":[{"start":{"line":136,"column":8},"end":{"line":136,"column":8}},{"start":{"line":136,"column":8},"end":{"line":136,"column":8}}]},"15":{"line":141,"type":"if","locations":[{"start":{"line":141,"column":8},"end":{"line":141,"column":8}},{"start":{"line":141,"column":8},"end":{"line":141,"column":8}}]},"16":{"line":142,"type":"if","locations":[{"start":{"line":142,"column":8},"end":{"line":142,"column":8}},{"start":{"line":142,"column":8},"end":{"line":142,"column":8}}]},"17":{"line":144,"type":"if","locations":[{"start":{"line":144,"column":12},"end":{"line":144,"column":12}},{"start":{"line":144,"column":12},"end":{"line":144,"column":12}}]}}},"contracts/NftAuctionV2.sol":{"l":{"9":1},"path":"/mnt/e/GitHub/go-rocket/basic2_nftAuction/contracts/NftAuctionV2.sol","s":{"1":1},"b":{},"f":{"1":1},"fnMap":{"1":{"name":"version","line":8,"loc":{"start":{"line":8,"column":4},"end":{"line":10,"column":4}}}},"statementMap":{"1":{"start":{"line":9,"column":8},"end":{"line":9,"column":22}}},"branchMap":{}},"contracts/test/MockAggregator.sol":{"l":{"10":30,"14":0,"18":0,"22":0,"37":0,"52":15},"path":"/mnt/e/GitHub/go-rocket/basic2_nftAuction/contracts/test/MockAggregator.sol","s":{"1":0,"2":0,"3":0,"4":0,"5":15},"b":{},"f":{"1":30,"2":0,"3":0,"4":0,"5":0,"6":15},"fnMap":{"1":{"name":"constructor","line":9,"loc":{"start":{"line":9,"column":4},"end":{"line":11,"column":4}}},"2":{"name":"decimals","line":13,"loc":{"start":{"line":13,"column":4},"end":{"line":15,"column":4}}},"3":{"name":"description","line":17,"loc":{"start":{"line":17,"column":4},"end":{"line":19,"column":4}}},"4":{"name":"version","line":21,"loc":{"start":{"line":21,"column":4},"end":{"line":23,"column":4}}},"5":{"name":"getRoundData","line":25,"loc":{"start":{"line":25,"column":4},"end":{"line":38,"column":4}}},"6":{"name":"latestRoundData","line":40,"loc":{"start":{"line":40,"column":4},"end":{"line":53,"column":4}}}},"statementMap":{"1":{"start":{"line":14,"column":8},"end":{"line":14,"column":16}},"2":{"start":{"line":18,"column":8},"end":{"line":18,"column":32}},"3":{"start":{"line":22,"column":8},"end":{"line":22,"column":16}},"4":{"start":{"line":37,"column":8},"end":{"line":37,"column":63}},"5":{"start":{"line":52,"column":8},"end":{"line":52,"column":63}}},"branchMap":{}},"contracts/test/MyERC20.sol":{"l":{"18":1,"19":1,"20":1,"22":1,"23":1,"27":3,"28":3,"29":3,"30":3,"36":3,"37":3,"38":3,"39":3,"40":3,"44":1,"48":2,"49":2,"53":2,"54":2,"55":2,"56":2},"path":"/mnt/e/GitHub/go-rocket/basic2_nftAuction/contracts/test/MyERC20.sol","s":{"1":1,"2":3,"3":3,"4":2,"5":3,"6":3,"7":3,"8":1,"9":2,"10":2,"11":2,"12":2},"b":{"1":[3,0],"2":[3,0],"3":[3,0],"4":[3,0],"5":[2,0]},"f":{"1":1,"2":3,"3":2,"4":3,"5":1,"6":2,"7":2},"fnMap":{"1":{"name":"constructor","line":17,"loc":{"start":{"line":17,"column":4},"end":{"line":24,"column":4}}},"2":{"name":"_mint","line":26,"loc":{"start":{"line":26,"column":4},"end":{"line":31,"column":4}}},"3":{"name":"balanceOf","line":33,"loc":{"start":{"line":33,"column":4},"end":{"line":33,"column":94}}},"4":{"name":"_transfer","line":35,"loc":{"start":{"line":35,"column":4},"end":{"line":41,"column":4}}},"5":{"name":"transfer","line":43,"loc":{"start":{"line":43,"column":4},"end":{"line":45,"column":4}}},"6":{"name":"approve","line":47,"loc":{"start":{"line":47,"column":4},"end":{"line":50,"column":4}}},"7":{"name":"transferFrom","line":52,"loc":{"start":{"line":52,"column":4},"end":{"line":57,"column":4}}}},"statementMap":{"1":{"start":{"line":23,"column":8},"end":{"line":23,"column":33}},"2":{"start":{"line":27,"column":8},"end":{"line":27,"column":58}},"3":{"start":{"line":28,"column":8},"end":{"line":28,"column":65}},"4":{"start":{"line":33,"column":70},"end":{"line":33,"column":93}},"5":{"start":{"line":36,"column":8},"end":{"line":36,"column":60}},"6":{"start":{"line":37,"column":8},"end":{"line":37,"column":74}},"7":{"start":{"line":40,"column":8},"end":{"line":40,"column":38}},"8":{"start":{"line":44,"column":8},"end":{"line":44,"column":39}},"9":{"start":{"line":49,"column":8},"end":{"line":49,"column":49}},"10":{"start":{"line":53,"column":8},"end":{"line":53,"column":36}},"11":{"start":{"line":54,"column":8},"end":{"line":54,"column":74}},"12":{"start":{"line":56,"column":8},"end":{"line":56,"column":33}}},"branchMap":{"1":{"line":27,"type":"if","locations":[{"start":{"line":27,"column":8},"end":{"line":27,"column":8}},{"start":{"line":27,"column":8},"end":{"line":27,"column":8}}]},"2":{"line":28,"type":"if","locations":[{"start":{"line":28,"column":8},"end":{"line":28,"column":8}},{"start":{"line":28,"column":8},"end":{"line":28,"column":8}}]},"3":{"line":36,"type":"if","locations":[{"start":{"line":36,"column":8},"end":{"line":36,"column":8}},{"start":{"line":36,"column":8},"end":{"line":36,"column":8}}]},"4":{"line":37,"type":"if","locations":[{"start":{"line":37,"column":8},"end":{"line":37,"column":8}},{"start":{"line":37,"column":8},"end":{"line":37,"column":8}}]},"5":{"line":54,"type":"if","locations":[{"start":{"line":54,"column":8},"end":{"line":54,"column":8}},{"start":{"line":54,"column":8},"end":{"line":54,"column":8}}]}}},"contracts/test/MyNftToken.sol":{"l":{"19":4,"20":4,"21":4},"path":"/mnt/e/GitHub/go-rocket/basic2_nftAuction/contracts/test/MyNftToken.sol","s":{"1":4,"2":4},"b":{"1":[4,1]},"f":{"1":3,"2":4},"fnMap":{"1":{"name":"constructor","line":15,"loc":{"start":{"line":13,"column":4},"end":{"line":16,"column":5}}},"2":{"name":"mint","line":18,"loc":{"start":{"line":18,"column":4},"end":{"line":22,"column":4}}}},"statementMap":{"1":{"start":{"line":19,"column":8},"end":{"line":19,"column":30}},"2":{"start":{"line":20,"column":8},"end":{"line":20,"column":37}}},"branchMap":{"1":{"line":18,"type":"if","locations":[{"start":{"line":18,"column":37},"end":{"line":18,"column":37}},{"start":{"line":18,"column":37},"end":{"line":18,"column":37}}]}}}}