{"contracts/AuctionFactory.sol":{"l":{"19":0,"20":0,"24":0,"25":0,"30":0,"34":0,"36":0,"37":0},"path":"/mnt/e/GitHub/go-rocket/basic2_nftAuction/contracts/AuctionFactory.sol","s":{"1":0,"2":0,"3":0},"b":{"1":[0,0],"2":[0,0],"3":[0,0],"4":[0,0]},"f":{"1":0,"2":0,"3":0,"4":0},"fnMap":{"1":{"name":"initialize","line":18,"loc":{"start":{"line":18,"column":4},"end":{"line":21,"column":4}}},"2":{"name":"onlyAdmin","line":23,"loc":{"start":{"line":23,"column":4},"end":{"line":26,"column":4}}},"3":{"name":"createAuction","line":28,"loc":{"start":{"line":28,"column":4},"end":{"line":38,"column":4}}},"4":{"name":"_authorizeUpgrade","line":40,"loc":{"start":{"line":40,"column":4},"end":{"line":40,"column":87}}}},"statementMap":{"1":{"start":{"line":24,"column":8},"end":{"line":24,"column":86}},"2":{"start":{"line":30,"column":8},"end":{"line":30,"column":955}},"3":{"start":{"line":36,"column":8},"end":{"line":36,"column":60}}},"branchMap":{"1":{"line":18,"type":"if","locations":[{"start":{"line":18,"column":48},"end":{"line":18,"column":48}},{"start":{"line":18,"column":48},"end":{"line":18,"column":48}}]},"2":{"line":24,"type":"if","locations":[{"start":{"line":24,"column":8},"end":{"line":24,"column":8}},{"start":{"line":24,"column":8},"end":{"line":24,"column":8}}]},"3":{"line":28,"type":"if","locations":[{"start":{"line":28,"column":38},"end":{"line":28,"column":38}},{"start":{"line":28,"column":38},"end":{"line":28,"column":38}}]},"4":{"line":40,"type":"if","locations":[{"start":{"line":40,"column":76},"end":{"line":40,"column":76}},{"start":{"line":40,"column":76},"end":{"line":40,"column":76}}]}}},"contracts/NftAuction.sol":{"l":{"33":1,"37":0,"53":13,"54":12,"55":11,"57":10,"58":10,"59":10,"60":10,"61":10,"62":10,"66":10,"70":28,"74":16,"75":16,"77":15,"84":15,"92":7,"93":6,"95":5,"97":3,"100":2,"103":5,"105":5,"106":5,"108":5,"113":3,"115":1,"116":1,"119":0,"123":3,"124":3,"125":3,"130":4,"134":3,"136":3,"138":3,"139":2,"140":2,"141":1,"143":1,"146":1},"path":"/mnt/e/GitHub/go-rocket/basic2_nftAuction/contracts/NftAuction.sol","s":{"1":0,"2":13,"3":12,"4":11,"5":10,"6":16,"7":16,"8":15,"9":15,"10":7,"11":6,"12":5,"13":2,"14":5,"15":5,"16":5,"17":5,"18":3,"19":1,"20":1,"21":0,"22":4,"23":3,"24":3,"25":2,"26":2,"27":1,"28":1,"29":1},"b":{"1":[1,1],"2":[12,1],"3":[11,1],"4":[10,1],"5":[15,1],"6":[6,1],"7":[5,1],"8":[3,2],"9":[3,2],"10":[1,2],"11":[1,0],"12":[3,1],"13":[3,0],"14":[2,1],"15":[1,1]},"f":{"1":1,"2":0,"3":13,"4":28,"5":16,"6":7,"7":4},"fnMap":{"1":{"name":"initialize","line":32,"loc":{"start":{"line":32,"column":4},"end":{"line":34,"column":4}}},"2":{"name":"version","line":36,"loc":{"start":{"line":36,"column":4},"end":{"line":38,"column":4}}},"3":{"name":"depositNft","line":47,"loc":{"start":{"line":47,"column":4},"end":{"line":67,"column":4}}},"4":{"name":"setPriceFeed","line":69,"loc":{"start":{"line":69,"column":4},"end":{"line":71,"column":4}}},"5":{"name":"getChainLinkLatestPrice","line":73,"loc":{"start":{"line":73,"column":4},"end":{"line":85,"column":4}}},"6":{"name":"priceBid","line":88,"loc":{"start":{"line":88,"column":4},"end":{"line":127,"column":4}}},"7":{"name":"endAuction","line":129,"loc":{"start":{"line":129,"column":4},"end":{"line":148,"column":4}}}},"statementMap":{"1":{"start":{"line":37,"column":8},"end":{"line":37,"column":22}},"2":{"start":{"line":53,"column":8},"end":{"line":53,"column":68}},"3":{"start":{"line":54,"column":8},"end":{"line":54,"column":51}},"4":{"start":{"line":55,"column":8},"end":{"line":55,"column":69}},"5":{"start":{"line":66,"column":8},"end":{"line":66,"column":79}},"6":{"start":{"line":74,"column":8},"end":{"line":74,"column":67}},"7":{"start":{"line":75,"column":8},"end":{"line":75,"column":70}},"8":{"start":{"line":77,"column":8},"end":{"line":77,"column":2704}},"9":{"start":{"line":84,"column":8},"end":{"line":84,"column":20}},"10":{"start":{"line":92,"column":8},"end":{"line":92,"column":46}},"11":{"start":{"line":93,"column":8},"end":{"line":93,"column":85}},"12":{"start":{"line":95,"column":8},"end":{"line":95,"column":3225}},"13":{"start":{"line":100,"column":12},"end":{"line":100,"column":84}},"14":{"start":{"line":103,"column":8},"end":{"line":103,"column":83}},"15":{"start":{"line":105,"column":8},"end":{"line":105,"column":91}},"16":{"start":{"line":106,"column":8},"end":{"line":106,"column":93}},"17":{"start":{"line":108,"column":8},"end":{"line":108,"column":3771}},"18":{"start":{"line":113,"column":8},"end":{"line":113,"column":3919}},"19":{"start":{"line":115,"column":12},"end":{"line":115,"column":4022}},"20":{"start":{"line":116,"column":16},"end":{"line":116,"column":58}},"21":{"start":{"line":119,"column":16},"end":{"line":119,"column":75}},"22":{"start":{"line":130,"column":8},"end":{"line":130,"column":4615}},"23":{"start":{"line":134,"column":8},"end":{"line":134,"column":47}},"24":{"start":{"line":138,"column":8},"end":{"line":138,"column":4805}},"25":{"start":{"line":139,"column":12},"end":{"line":139,"column":86}},"26":{"start":{"line":140,"column":12},"end":{"line":140,"column":4947}},"27":{"start":{"line":141,"column":16},"end":{"line":141,"column":51}},"28":{"start":{"line":143,"column":16},"end":{"line":143,"column":68}},"29":{"start":{"line":146,"column":12},"end":{"line":146,"column":79}}},"branchMap":{"1":{"line":32,"type":"if","locations":[{"start":{"line":32,"column":33},"end":{"line":32,"column":33}},{"start":{"line":32,"column":33},"end":{"line":32,"column":33}}]},"2":{"line":53,"type":"if","locations":[{"start":{"line":53,"column":8},"end":{"line":53,"column":8}},{"start":{"line":53,"column":8},"end":{"line":53,"column":8}}]},"3":{"line":54,"type":"if","locations":[{"start":{"line":54,"column":8},"end":{"line":54,"column":8}},{"start":{"line":54,"column":8},"end":{"line":54,"column":8}}]},"4":{"line":55,"type":"if","locations":[{"start":{"line":55,"column":8},"end":{"line":55,"column":8}},{"start":{"line":55,"column":8},"end":{"line":55,"column":8}}]},"5":{"line":75,"type":"if","locations":[{"start":{"line":75,"column":8},"end":{"line":75,"column":8}},{"start":{"line":75,"column":8},"end":{"line":75,"column":8}}]},"6":{"line":92,"type":"if","locations":[{"start":{"line":92,"column":8},"end":{"line":92,"column":8}},{"start":{"line":92,"column":8},"end":{"line":92,"column":8}}]},"7":{"line":93,"type":"if","locations":[{"start":{"line":93,"column":8},"end":{"line":93,"column":8}},{"start":{"line":93,"column":8},"end":{"line":93,"column":8}}]},"8":{"line":95,"type":"if","locations":[{"start":{"line":95,"column":8},"end":{"line":95,"column":8}},{"start":{"line":95,"column":8},"end":{"line":95,"column":8}}]},"9":{"line":108,"type":"if","locations":[{"start":{"line":108,"column":8},"end":{"line":108,"column":8}},{"start":{"line":108,"column":8},"end":{"line":108,"column":8}}]},"10":{"line":113,"type":"if","locations":[{"start":{"line":113,"column":8},"end":{"line":113,"column":8}},{"start":{"line":113,"column":8},"end":{"line":113,"column":8}}]},"11":{"line":115,"type":"if","locations":[{"start":{"line":115,"column":12},"end":{"line":115,"column":12}},{"start":{"line":115,"column":12},"end":{"line":115,"column":12}}]},"12":{"line":130,"type":"if","locations":[{"start":{"line":130,"column":8},"end":{"line":130,"column":8}},{"start":{"line":130,"column":8},"end":{"line":130,"column":8}}]},"13":{"line":134,"type":"if","locations":[{"start":{"line":134,"column":8},"end":{"line":134,"column":8}},{"start":{"line":134,"column":8},"end":{"line":134,"column":8}}]},"14":{"line":138,"type":"if","locations":[{"start":{"line":138,"column":8},"end":{"line":138,"column":8}},{"start":{"line":138,"column":8},"end":{"line":138,"column":8}}]},"15":{"line":140,"type":"if","locations":[{"start":{"line":140,"column":12},"end":{"line":140,"column":12}},{"start":{"line":140,"column":12},"end":{"line":140,"column":12}}]}}},"contracts/NftAuctionV2.sol":{"l":{"9":1},"path":"/mnt/e/GitHub/go-rocket/basic2_nftAuction/contracts/NftAuctionV2.sol","s":{"1":1},"b":{},"f":{"1":1},"fnMap":{"1":{"name":"version","line":8,"loc":{"start":{"line":8,"column":4},"end":{"line":10,"column":4}}}},"statementMap":{"1":{"start":{"line":9,"column":8},"end":{"line":9,"column":22}}},"branchMap":{}},"contracts/test/MockAggregator.sol":{"l":{"10":28,"14":0,"18":0,"22":0,"37":0,"52":15},"path":"/mnt/e/GitHub/go-rocket/basic2_nftAuction/contracts/test/MockAggregator.sol","s":{"1":0,"2":0,"3":0,"4":0,"5":15},"b":{},"f":{"1":28,"2":0,"3":0,"4":0,"5":0,"6":15},"fnMap":{"1":{"name":"constructor","line":9,"loc":{"start":{"line":9,"column":4},"end":{"line":11,"column":4}}},"2":{"name":"decimals","line":13,"loc":{"start":{"line":13,"column":4},"end":{"line":15,"column":4}}},"3":{"name":"description","line":17,"loc":{"start":{"line":17,"column":4},"end":{"line":19,"column":4}}},"4":{"name":"version","line":21,"loc":{"start":{"line":21,"column":4},"end":{"line":23,"column":4}}},"5":{"name":"getRoundData","line":25,"loc":{"start":{"line":25,"column":4},"end":{"line":38,"column":4}}},"6":{"name":"latestRoundData","line":40,"loc":{"start":{"line":40,"column":4},"end":{"line":53,"column":4}}}},"statementMap":{"1":{"start":{"line":14,"column":8},"end":{"line":14,"column":16}},"2":{"start":{"line":18,"column":8},"end":{"line":18,"column":32}},"3":{"start":{"line":22,"column":8},"end":{"line":22,"column":16}},"4":{"start":{"line":37,"column":8},"end":{"line":37,"column":63}},"5":{"start":{"line":52,"column":8},"end":{"line":52,"column":63}}},"branchMap":{}},"contracts/test/MyERC20.sol":{"l":{"18":1,"19":1,"20":1,"22":1,"23":1,"27":3,"28":3,"29":3,"30":3,"36":3,"37":3,"38":3,"39":3,"40":3,"44":1,"48":2,"49":2,"53":2,"54":2,"55":2,"56":2},"path":"/mnt/e/GitHub/go-rocket/basic2_nftAuction/contracts/test/MyERC20.sol","s":{"1":1,"2":3,"3":3,"4":2,"5":3,"6":3,"7":3,"8":1,"9":2,"10":2,"11":2,"12":2},"b":{"1":[3,0],"2":[3,0],"3":[3,0],"4":[3,0],"5":[2,0]},"f":{"1":1,"2":3,"3":2,"4":3,"5":1,"6":2,"7":2},"fnMap":{"1":{"name":"constructor","line":17,"loc":{"start":{"line":17,"column":4},"end":{"line":24,"column":4}}},"2":{"name":"_mint","line":26,"loc":{"start":{"line":26,"column":4},"end":{"line":31,"column":4}}},"3":{"name":"balanceOf","line":33,"loc":{"start":{"line":33,"column":4},"end":{"line":33,"column":94}}},"4":{"name":"_transfer","line":35,"loc":{"start":{"line":35,"column":4},"end":{"line":41,"column":4}}},"5":{"name":"transfer","line":43,"loc":{"start":{"line":43,"column":4},"end":{"line":45,"column":4}}},"6":{"name":"approve","line":47,"loc":{"start":{"line":47,"column":4},"end":{"line":50,"column":4}}},"7":{"name":"transferFrom","line":52,"loc":{"start":{"line":52,"column":4},"end":{"line":57,"column":4}}}},"statementMap":{"1":{"start":{"line":23,"column":8},"end":{"line":23,"column":33}},"2":{"start":{"line":27,"column":8},"end":{"line":27,"column":58}},"3":{"start":{"line":28,"column":8},"end":{"line":28,"column":65}},"4":{"start":{"line":33,"column":70},"end":{"line":33,"column":93}},"5":{"start":{"line":36,"column":8},"end":{"line":36,"column":60}},"6":{"start":{"line":37,"column":8},"end":{"line":37,"column":74}},"7":{"start":{"line":40,"column":8},"end":{"line":40,"column":38}},"8":{"start":{"line":44,"column":8},"end":{"line":44,"column":39}},"9":{"start":{"line":49,"column":8},"end":{"line":49,"column":49}},"10":{"start":{"line":53,"column":8},"end":{"line":53,"column":36}},"11":{"start":{"line":54,"column":8},"end":{"line":54,"column":74}},"12":{"start":{"line":56,"column":8},"end":{"line":56,"column":33}}},"branchMap":{"1":{"line":27,"type":"if","locations":[{"start":{"line":27,"column":8},"end":{"line":27,"column":8}},{"start":{"line":27,"column":8},"end":{"line":27,"column":8}}]},"2":{"line":28,"type":"if","locations":[{"start":{"line":28,"column":8},"end":{"line":28,"column":8}},{"start":{"line":28,"column":8},"end":{"line":28,"column":8}}]},"3":{"line":36,"type":"if","locations":[{"start":{"line":36,"column":8},"end":{"line":36,"column":8}},{"start":{"line":36,"column":8},"end":{"line":36,"column":8}}]},"4":{"line":37,"type":"if","locations":[{"start":{"line":37,"column":8},"end":{"line":37,"column":8}},{"start":{"line":37,"column":8},"end":{"line":37,"column":8}}]},"5":{"line":54,"type":"if","locations":[{"start":{"line":54,"column":8},"end":{"line":54,"column":8}},{"start":{"line":54,"column":8},"end":{"line":54,"column":8}}]}}},"contracts/test/MyNftToken.sol":{"l":{"19":3,"20":3,"21":3},"path":"/mnt/e/GitHub/go-rocket/basic2_nftAuction/contracts/test/MyNftToken.sol","s":{"1":3,"2":3},"b":{"1":[3,1]},"f":{"1":2,"2":3},"fnMap":{"1":{"name":"constructor","line":15,"loc":{"start":{"line":13,"column":4},"end":{"line":16,"column":5}}},"2":{"name":"mint","line":18,"loc":{"start":{"line":18,"column":4},"end":{"line":22,"column":4}}}},"statementMap":{"1":{"start":{"line":19,"column":8},"end":{"line":19,"column":30}},"2":{"start":{"line":20,"column":8},"end":{"line":20,"column":37}}},"branchMap":{"1":{"line":18,"type":"if","locations":[{"start":{"line":18,"column":37},"end":{"line":18,"column":37}},{"start":{"line":18,"column":37},"end":{"line":18,"column":37}}]}}}}